current directory: /Users/zay/Documents/Developer/node-webkit/Projects/koala/src/rubygems/gems/bigdecimal-1.3.2/ext/bigdecimal
/System/Library/Frameworks/Ruby.framework/Versions/2.3/usr/bin/ruby -r ./siteconf20171115-26448-1bqblyr.rb extconf.rb
/System/Library/Frameworks/Ruby.framework/Versions/2.3/usr/lib/ruby/2.3.0/universal-darwin17/rbconfig.rb:214: warning: Insecure world writable dir /Users/zay/Documents/Developer/node-webkit/Projects/koala/src in PATH, mode 040777
checking for labs() in stdlib.h... yes
checking for llabs() in stdlib.h... yes
checking for finite() in math.h... yes
checking for isfinite() in math.h... no
checking for struct RRational in ruby.h... no
checking for rb_rational_num() in ruby.h... yes
checking for rb_rational_den() in ruby.h... yes
checking for rb_array_const_ptr() in ruby.h... yes
checking for rb_sym2str() in ruby.h... yes
creating Makefile

To see why this extension failed to compile, please check the mkmf.log which can be found here:

  /Users/zay/Documents/Developer/node-webkit/Projects/koala/src/rubygems/extensions/universal-darwin-17/2.3.0/bigdecimal-1.3.2/mkmf.log

current directory: /Users/zay/Documents/Developer/node-webkit/Projects/koala/src/rubygems/gems/bigdecimal-1.3.2/ext/bigdecimal
make "DESTDIR=" clean

current directory: /Users/zay/Documents/Developer/node-webkit/Projects/koala/src/rubygems/gems/bigdecimal-1.3.2/ext/bigdecimal
make "DESTDIR="
compiling bigdecimal.c
linking shared-object bigdecimal.bundle
ld: warning: directory not found for option '-L/BuildRoot/Applications/Xcode.app/Contents/Developer/Platforms/MacOSX.platform/Developer/SDKs/MacOSX10.13.Internal.sdk/usr/local/libressl/lib'
ld: warning: directory not found for option '-L/BuildRoot/Applications/Xcode.app/Contents/Developer/Platforms/MacOSX.platform/Developer/SDKs/MacOSX10.13.Internal.sdk/usr/local/lib'
ld: warning: directory not found for option '-L/BuildRoot/Applications/Xcode.app/Contents/Developer/Platforms/MacOSX.platform/Developer/SDKs/MacOSX10.13.Internal.sdk/usr/local/libressl/lib'
ld: warning: directory not found for option '-L/BuildRoot/Applications/Xcode.app/Contents/Developer/Platforms/MacOSX.platform/Developer/SDKs/MacOSX10.13.Internal.sdk/usr/local/lib'

current directory: /Users/zay/Documents/Developer/node-webkit/Projects/koala/src/rubygems/gems/bigdecimal-1.3.2/ext/bigdecimal
make "DESTDIR=" install
/usr/bin/install -c -m 0755 bigdecimal.bundle ./.gem.20171115-26448-kak60x
