current directory: /Users/zay/Documents/Developer/node-webkit/Projects/koala/src/rubygems/gems/psych-2.2.4/ext/psych
/System/Library/Frameworks/Ruby.framework/Versions/2.3/usr/bin/ruby -r ./siteconf20171115-26448-mzlynd.rb extconf.rb
/System/Library/Frameworks/Ruby.framework/Versions/2.3/usr/lib/ruby/2.3.0/universal-darwin17/rbconfig.rb:214: warning: Insecure world writable dir /Users/zay/Documents/Developer/node-webkit/Projects/koala/src in PATH, mode 040777
checking for yaml.h... no
checking for _WIN32... no
checking for dlfcn.h... yes
checking for inttypes.h... yes
checking for memory.h... yes
checking for stdint.h... yes
checking for stdlib.h... yes
checking for strings.h... yes
checking for string.h... yes
checking for sys/stat.h... yes
checking for sys/types.h... yes
checking for unistd.h... yes
checking for yaml.h... yes
checking for config.h... yes
creating Makefile

To see why this extension failed to compile, please check the mkmf.log which can be found here:

  /Users/zay/Documents/Developer/node-webkit/Projects/koala/src/rubygems/extensions/universal-darwin-17/2.3.0/psych-2.2.4/mkmf.log

current directory: /Users/zay/Documents/Developer/node-webkit/Projects/koala/src/rubygems/gems/psych-2.2.4/ext/psych
make "DESTDIR=" clean

current directory: /Users/zay/Documents/Developer/node-webkit/Projects/koala/src/rubygems/gems/psych-2.2.4/ext/psych
make "DESTDIR="
compiling psych_to_ruby.c
compiling psych_yaml_tree.c
compiling psych_emitter.c
compiling psych.c
compiling psych_parser.c
compiling ./yaml/loader.c
compiling ./yaml/scanner.c
compiling ./yaml/api.c
compiling ./yaml/writer.c
compiling ./yaml/dumper.c
compiling ./yaml/reader.c
compiling ./yaml/emitter.c
compiling ./yaml/parser.c
linking shared-object psych.bundle
ld: warning: directory not found for option '-L/BuildRoot/Applications/Xcode.app/Contents/Developer/Platforms/MacOSX.platform/Developer/SDKs/MacOSX10.13.Internal.sdk/usr/local/libressl/lib'
ld: warning: directory not found for option '-L/BuildRoot/Applications/Xcode.app/Contents/Developer/Platforms/MacOSX.platform/Developer/SDKs/MacOSX10.13.Internal.sdk/usr/local/lib'
ld: warning: directory not found for option '-L/BuildRoot/Applications/Xcode.app/Contents/Developer/Platforms/MacOSX.platform/Developer/SDKs/MacOSX10.13.Internal.sdk/usr/local/libressl/lib'
ld: warning: directory not found for option '-L/BuildRoot/Applications/Xcode.app/Contents/Developer/Platforms/MacOSX.platform/Developer/SDKs/MacOSX10.13.Internal.sdk/usr/local/lib'

current directory: /Users/zay/Documents/Developer/node-webkit/Projects/koala/src/rubygems/gems/psych-2.2.4/ext/psych
make "DESTDIR=" install
/usr/bin/install -c -m 0755 psych.bundle ./.gem.20171115-26448-1yoynli
